<?xml version="1.0" encoding="UTF-8"?>
<testng-results ignored="0" total="2" passed="2" failed="0" skipped="0">
  <reporter-output>
  </reporter-output>
  <suite started-at="2024-10-28T18:41:27 IST" name="Default suite" finished-at="2024-10-28T18:41:29 IST" duration-ms="2314">
    <groups>
    </groups>
    <test started-at="2024-10-28T18:41:27 IST" name="Default test" finished-at="2024-10-28T18:41:29 IST" duration-ms="2314">
      <class name="org.mock.api.MockShippingAPITest">
        <test-method is-config="true" signature="setup()[pri:0, instance:org.mock.api.MockShippingAPITest@6f27a732]" started-at="2024-10-28T18:41:27 IST" name="setup" finished-at="2024-10-28T18:41:28 IST" duration-ms="1345" status="PASS">
          <reporter-output>
          </reporter-output>
        </test-method> <!-- setup -->
        <test-method signature="testCalculateShipping()[pri:0, instance:org.mock.api.MockShippingAPITest@6f27a732]" started-at="2024-10-28T18:41:28 IST" name="testCalculateShipping" finished-at="2024-10-28T18:41:29 IST" duration-ms="901" status="PASS">
          <reporter-output>
          </reporter-output>
        </test-method> <!-- testCalculateShipping -->
        <test-method signature="testTrackShipment()[pri:0, instance:org.mock.api.MockShippingAPITest@6f27a732]" started-at="2024-10-28T18:41:29 IST" name="testTrackShipment" finished-at="2024-10-28T18:41:29 IST" duration-ms="41" status="PASS">
          <reporter-output>
          </reporter-output>
        </test-method> <!-- testTrackShipment -->
        <test-method is-config="true" signature="tearDown()[pri:0, instance:org.mock.api.MockShippingAPITest@6f27a732]" started-at="2024-10-28T18:41:29 IST" name="tearDown" finished-at="2024-10-28T18:41:29 IST" duration-ms="10" status="PASS">
          <reporter-output>
          </reporter-output>
        </test-method> <!-- tearDown -->
      </class> <!-- org.mock.api.MockShippingAPITest -->
    </test> <!-- Default test -->
  </suite> <!-- Default suite -->
</testng-results>
