<?xml version="1.0" encoding="UTF-8"?>
<!-- Generated by org.testng.reporters.JUnitReportReporter -->
<testsuite hostname="192.168.1.13" failures="0" tests="2" name="org.mock.api.MockGETUserQueryParamTest" time="1.314" errors="0" timestamp="2024-10-28T16:56:38 IST" skipped="0">
  <testcase classname="org.mock.api.MockGETUserQueryParamTest" name="testGetWithQueryParams" time="0.020"/>
  <testcase classname="org.mock.api.MockGETUserQueryParamTest" name="mockUserQueryParamAPITest" time="1.294"/>
</testsuite> <!-- org.mock.api.MockGETUserQueryParamTest -->
