<?xml version="1.0" encoding="UTF-8"?>
<!-- Generated by org.testng.reporters.JUnitReportReporter -->
<testsuite hostname="192.168.1.13" failures="0" tests="2" name="org.mock.api.MockShippingAPITest" time="0.942" errors="0" timestamp="2024-10-28T18:41:29 IST" skipped="0">
  <testcase classname="org.mock.api.MockShippingAPITest" name="testCalculateShipping" time="0.901"/>
  <testcase classname="org.mock.api.MockShippingAPITest" name="testTrackShipment" time="0.041"/>
</testsuite> <!-- org.mock.api.MockShippingAPITest -->
